<?xml version="1.0" encoding="UTF-8"?>
<!-- Generated by org.testng.reporters.JUnitReportReporter -->
<testsuite hostname="KAMET-QA6" name="Test_Scripts.Payment_CurrntLoan" tests="1" failures="0" timestamp="9 Feb 2015 11:20:24 GMT" time="16.467" errors="0">
  <testcase name="Logintest" time="16.467" classname="Test_Scripts.Payment_CurrntLoan"/>
</testsuite> <!-- Test_Scripts.Payment_CurrntLoan -->
