<?xml version="1.0" encoding="UTF-8"?>
<!-- Generated by org.testng.reporters.JUnitReportReporter -->
<testsuite hostname="KAMET-QA6" name="sample" tests="1" failures="0" timestamp="5 Feb 2015 11:52:55 GMT" time="35.672" errors="0">
  <testcase name="Logintest" time="35.672" classname="sample"/>
</testsuite> <!-- sample -->
