<?xml version="1.0" encoding="UTF-8"?>
<!-- Generated by org.testng.reporters.JUnitReportReporter -->
<testsuite hostname="KAMET-QA5" name="com.web.tests.TestCase1" tests="1" failures="0" timestamp="10 Feb 2015 09:34:52 GMT" time="34.935" errors="0">
  <testcase name="Terstcase1" time="34.935" classname="com.web.tests.TestCase1"/>
</testsuite> <!-- com.web.tests.TestCase1 -->
